<?xml version="1.0" encoding="UTF-8"?>
<testsuite name="ServiceJsonTest" tests="2" skipped="0" failures="0" errors="0" timestamp="2019-10-28T13:19:38" hostname="DESKTOP-7KSLBU0" time="0.195">
  <properties/>
  <testcase name="read" classname="ServiceJsonTest" time="0.161"/>
  <testcase name="write" classname="ServiceJsonTest" time="0.034"/>
  <system-out><![CDATA[]]></system-out>
  <system-err><![CDATA[]]></system-err>
</testsuite>
